2023-08-14 15:18:22,082 INFO o.a.j.u.JMeterUtils: Setting Locale to en_EN
2023-08-14 15:18:22,098 INFO o.a.j.JMeter: Loading user properties from: C:\Users\skquo\Vivek\apache-jmeter-5.6.2\bin\user.properties
2023-08-14 15:18:22,099 INFO o.a.j.JMeter: Loading system properties from: C:\Users\skquo\Vivek\apache-jmeter-5.6.2\bin\system.properties
2023-08-14 15:18:22,106 INFO o.a.j.JMeter: Copyright (c) 1998-2023 The Apache Software Foundation
2023-08-14 15:18:22,106 INFO o.a.j.JMeter: Version 5.6.2
2023-08-14 15:18:22,106 INFO o.a.j.JMeter: java.version=1.8.0_362
2023-08-14 15:18:22,107 INFO o.a.j.JMeter: java.vm.name=OpenJDK 64-Bit Server VM
2023-08-14 15:18:22,107 INFO o.a.j.JMeter: os.name=Windows 11
2023-08-14 15:18:22,107 INFO o.a.j.JMeter: os.arch=amd64
2023-08-14 15:18:22,107 INFO o.a.j.JMeter: os.version=10.0
2023-08-14 15:18:22,107 INFO o.a.j.JMeter: file.encoding=Cp1252
2023-08-14 15:18:22,107 INFO o.a.j.JMeter: java.awt.headless=null
2023-08-14 15:18:22,107 INFO o.a.j.JMeter: Max memory     =1073741824
2023-08-14 15:18:22,107 INFO o.a.j.JMeter: Available Processors =12
2023-08-14 15:18:22,111 INFO o.a.j.JMeter: Default Locale=English (EN)
2023-08-14 15:18:22,111 INFO o.a.j.JMeter: JMeter  Locale=English (EN)
2023-08-14 15:18:22,111 INFO o.a.j.JMeter: JMeterHome=C:\Users\skquo\Vivek\apache-jmeter-5.6.2
2023-08-14 15:18:22,111 INFO o.a.j.JMeter: user.dir  =D:\Katalon Projects\Certification\WebUICertification
2023-08-14 15:18:22,111 INFO o.a.j.JMeter: PWD       =D:\Katalon Projects\Certification\WebUICertification
2023-08-14 15:18:22,112 INFO o.a.j.JMeter: IP: 192.168.0.18 Name: DESKTOP-GMHO4JE FullName: DESKTOP-GMHO4JE
2023-08-14 15:18:22,125 INFO o.a.j.JMeter: Loaded icon properties from org/apache/jmeter/images/icon.properties
2023-08-14 15:18:22,262 INFO o.a.j.JMeterGuiLauncher: Setting LAF to: com.github.weisj.darklaf.DarkLaf:com.github.weisj.darklaf.theme.DarculaTheme
